2025-03-25 15:32:41,206 - INFO - Starting automation cycle 1
2025-03-25 15:32:45,725 - INFO - Starting automation cycle 2
2025-03-25 15:33:18,054 - INFO - Process stopped by user
2025-03-25 15:57:39,136 - INFO - Starting automation cycle 1
2025-03-25 16:01:27,485 - INFO - Process stopped by user
2025-03-25 16:01:34,290 - INFO - Starting automation cycle 1
2025-03-25 16:03:41,682 - INFO - Process stopped by user
2025-03-25 16:03:46,882 - INFO - Starting automation cycle 1
2025-03-25 16:06:13,773 - INFO - Process stopped by user
2025-03-25 16:06:19,328 - INFO - Starting automation cycle 1
2025-03-25 16:06:37,006 - INFO - Process stopped by user
2025-03-25 16:13:46,376 - INFO - Starting automation cycle 1
2025-03-25 16:16:59,071 - INFO - Process stopped by user
2025-03-25 16:17:02,347 - INFO - Starting automation cycle 1
2025-03-25 16:17:50,387 - INFO - Process stopped by user
2025-03-25 16:25:01,682 - INFO - Starting automation cycle 1
2025-03-25 16:25:02,092 - WARNING - No emails were sent in this cycle
2025-03-25 16:25:02,092 - INFO - Automation cycle 1 completed
2025-03-25 16:36:39,209 - INFO - Process stopped by user
2025-03-25 16:36:44,307 - INFO - Starting automation cycle 1
2025-03-25 16:36:45,918 - INFO - Successfully sent 1 emails
2025-03-25 16:36:45,918 - INFO - Automation cycle 1 completed
2025-03-26 09:33:09,595 - INFO - Starting automation cycle 2
2025-03-26 09:33:10,916 - INFO - Successfully sent 1 emails
2025-03-26 09:33:10,917 - INFO - Automation cycle 2 completed
2025-03-26 09:53:10,892 - INFO - Starting automation cycle 3
2025-03-26 09:53:12,181 - INFO - Successfully sent 1 emails
2025-03-26 09:53:12,181 - INFO - Automation cycle 3 completed
2025-03-26 10:11:39,870 - INFO - Process stopped by user
2025-03-26 10:49:32,223 - INFO - Starting automation cycle 1
2025-03-26 10:49:33,728 - INFO - Successfully sent 1 emails
2025-03-26 10:49:33,728 - INFO - Automation cycle 1 completed
2025-03-26 10:53:37,949 - INFO - Process stopped by user
2025-03-26 10:53:42,452 - INFO - Starting automation cycle 1
2025-03-26 10:53:42,561 - ERROR - Critical error in cycle 1: 'NoneType' object has no attribute 'empty'
2025-03-26 10:55:26,690 - INFO - Starting automation cycle 1
2025-03-26 10:55:26,792 - ERROR - Critical error in cycle 1: 'NoneType' object has no attribute 'empty'
2025-03-26 11:08:49,775 - INFO - Starting automation cycle 1
2025-03-26 11:08:49,878 - ERROR - Critical error in cycle 1: 'NoneType' object has no attribute 'empty'
2025-03-26 11:12:03,247 - INFO - Starting automation cycle 1
2025-03-26 11:12:04,805 - INFO - Successfully sent 1 emails
2025-03-26 11:12:04,805 - INFO - Automation cycle 1 completed
2025-03-26 11:19:15,738 - INFO - Process stopped by user
